# JRE version: OpenJDK Runtime Environment Temurin-17.0.4.1+1 (17.0.4.1+1) (build 17.0.4.1+1)
# Java VM: OpenJDK 64-Bit Server VM Temurin-17.0.4.1+1 (17.0.4.1+1, mixed mode, tiered, compressed oops, compressed class ptrs, parallel gc, windows-amd64)
GC Precious Log:
 CPUs: 8 total, 8 available
 Memory: 16300M
 Large Page Support: Disabled
 NUMA Support: Disabled
 Compressed Oops: Enabled (32-bit)
 Alignments: Space 512K, Generation 512K, Heap 2M
 Heap Min Capacity: 100M
 Heap Initial Capacity: 100M
 Heap Max Capacity: 1G
 Pre-touch: Disabled
 Parallel Workers: 8
Heap:
 PSYoungGen      total 23040K, used 14580K [0x00000000eab00000, 0x00000000ecb00000, 0x0000000100000000)
  eden space 18432K, 54% used [0x00000000eab00000,0x00000000eb4c04a0,0x00000000ebd00000)
  from space 4608K, 99% used [0x00000000ec380000,0x00000000ec7fcee8,0x00000000ec800000)
  to   space 6656K, 0% used [0x00000000ebd00000,0x00000000ebd00000,0x00000000ec380000)
 ParOldGen       total 119296K, used 87245K [0x00000000c0000000, 0x00000000c7480000, 0x00000000eab00000)
  object space 119296K, 73% used [0x00000000c0000000,0x00000000c5533448,0x00000000c7480000)
 Metaspace       used 66069K, committed 67072K, reserved 1114112K
  class space    used 7050K, committed 7488K, reserved 1048576K
GC Heap History (20 events):
Event: 30.830 GC heap before
{Heap before GC invocations=51 (full 4):
 PSYoungGen      total 19968K, used 19456K [0x00000000eab00000, 0x00000000ec280000, 0x0000000100000000)
  eden space 19456K, 100% used [0x00000000eab00000,0x00000000ebe00000,0x00000000ebe00000)
  from space 512K, 0% used [0x00000000ec200000,0x00000000ec200000,0x00000000ec280000)
  to   space 1536K, 0% used [0x00000000ebf80000,0x00000000ebf80000,0x00000000ec100000)
 ParOldGen       total 87040K, used 57531K [0x00000000c0000000, 0x00000000c5500000, 0x00000000eab00000)
  object space 87040K, 66% used [0x00000000c0000000,0x00000000c382ee70,0x00000000c5500000)
 Metaspace       used 58929K, committed 59904K, reserved 1105920K
  class space    used 6200K, committed 6656K, reserved 1048576K
}
Event: 30.846 GC heap after
{Heap after GC invocations=51 (full 4):
 PSYoungGen      total 20992K, used 1536K [0x00000000eab00000, 0x00000000ede00000, 0x0000000100000000)
  eden space 19456K, 0% used [0x00000000eab00000,0x00000000eab00000,0x00000000ebe00000)
  from space 1536K, 100% used [0x00000000ebf80000,0x00000000ec100000,0x00000000ec100000)
  to   space 16384K, 0% used [0x00000000ece00000,0x00000000ece00000,0x00000000ede00000)
 ParOldGen       total 87040K, used 69771K [0x00000000c0000000, 0x00000000c5500000, 0x00000000eab00000)
  object space 87040K, 80% used [0x00000000c0000000,0x00000000c4422e70,0x00000000c5500000)
 Metaspace       used 58929K, committed 59904K, reserved 1105920K
  class space    used 6200K, committed 6656K, reserved 1048576K
}
Event: 30.980 GC heap before
{Heap before GC invocations=52 (full 4):
 PSYoungGen      total 20992K, used 20992K [0x00000000eab00000, 0x00000000ede00000, 0x0000000100000000)
  eden space 19456K, 100% used [0x00000000eab00000,0x00000000ebe00000,0x00000000ebe00000)
  from space 1536K, 100% used [0x00000000ebf80000,0x00000000ec100000,0x00000000ec100000)
  to   space 16384K, 0% used [0x00000000ece00000,0x00000000ece00000,0x00000000ede00000)
 ParOldGen       total 87040K, used 69771K [0x00000000c0000000, 0x00000000c5500000, 0x00000000eab00000)
  object space 87040K, 80% used [0x00000000c0000000,0x00000000c4422e70,0x00000000c5500000)
 Metaspace       used 59074K, committed 60032K, reserved 1105920K
  class space    used 6214K, committed 6656K, reserved 1048576K
}
Event: 30.996 GC heap after
{Heap after GC invocations=52 (full 4):
 PSYoungGen      total 32768K, used 13305K [0x00000000eab00000, 0x00000000edb00000, 0x0000000100000000)
  eden space 19456K, 0% used [0x00000000eab00000,0x00000000eab00000,0x00000000ebe00000)
  from space 13312K, 99% used [0x00000000ece00000,0x00000000edafe6f0,0x00000000edb00000)
  to   space 13824K, 0% used [0x00000000ec000000,0x00000000ec000000,0x00000000ecd80000)
 ParOldGen       total 87040K, used 71331K [0x00000000c0000000, 0x00000000c5500000, 0x00000000eab00000)
  object space 87040K, 81% used [0x00000000c0000000,0x00000000c45a8e70,0x00000000c5500000)
 Metaspace       used 59074K, committed 60032K, reserved 1105920K
  class space    used 6214K, committed 6656K, reserved 1048576K
}
Event: 31.122 GC heap before
{Heap before GC invocations=53 (full 4):
 PSYoungGen      total 32768K, used 32761K [0x00000000eab00000, 0x00000000edb00000, 0x0000000100000000)
  eden space 19456K, 100% used [0x00000000eab00000,0x00000000ebe00000,0x00000000ebe00000)
  from space 13312K, 99% used [0x00000000ece00000,0x00000000edafe6f0,0x00000000edb00000)
  to   space 13824K, 0% used [0x00000000ec000000,0x00000000ec000000,0x00000000ecd80000)
 ParOldGen       total 87040K, used 71331K [0x00000000c0000000, 0x00000000c5500000, 0x00000000eab00000)
  object space 87040K, 81% used [0x00000000c0000000,0x00000000c45a8e70,0x00000000c5500000)
 Metaspace       used 59365K, committed 60288K, reserved 1105920K
  class space    used 6241K, committed 6656K, reserved 1048576K
}
Event: 31.144 GC heap after
{Heap after GC invocations=53 (full 4):
 PSYoungGen      total 29696K, used 9982K [0x00000000eab00000, 0x00000000ed400000, 0x0000000100000000)
  eden space 19456K, 0% used [0x00000000eab00000,0x00000000eab00000,0x00000000ebe00000)
  from space 10240K, 97% used [0x00000000ec000000,0x00000000ec9bfb00,0x00000000eca00000)
  to   space 10240K, 0% used [0x00000000eca00000,0x00000000eca00000,0x00000000ed400000)
 ParOldGen       total 87040K, used 83609K [0x00000000c0000000, 0x00000000c5500000, 0x00000000eab00000)
  object space 87040K, 96% used [0x00000000c0000000,0x00000000c51a67d0,0x00000000c5500000)
 Metaspace       used 59365K, committed 60288K, reserved 1105920K
  class space    used 6241K, committed 6656K, reserved 1048576K
}
Event: 31.144 GC heap before
{Heap before GC invocations=54 (full 5):
 PSYoungGen      total 29696K, used 9982K [0x00000000eab00000, 0x00000000ed400000, 0x0000000100000000)
  eden space 19456K, 0% used [0x00000000eab00000,0x00000000eab00000,0x00000000ebe00000)
  from space 10240K, 97% used [0x00000000ec000000,0x00000000ec9bfb00,0x00000000eca00000)
  to   space 10240K, 0% used [0x00000000eca00000,0x00000000eca00000,0x00000000ed400000)
 ParOldGen       total 87040K, used 83609K [0x00000000c0000000, 0x00000000c5500000, 0x00000000eab00000)
  object space 87040K, 96% used [0x00000000c0000000,0x00000000c51a67d0,0x00000000c5500000)
 Metaspace       used 59365K, committed 60288K, reserved 1105920K
  class space    used 6241K, committed 6656K, reserved 1048576K
}
Event: 31.320 GC heap after
{Heap after GC invocations=54 (full 5):
 PSYoungGen      total 29696K, used 0K [0x00000000eab00000, 0x00000000ed400000, 0x0000000100000000)
  eden space 19456K, 0% used [0x00000000eab00000,0x00000000eab00000,0x00000000ebe00000)
  from space 10240K, 0% used [0x00000000eca00000,0x00000000eca00000,0x00000000ed400000)
  to   space 11264K, 0% used [0x00000000ebe00000,0x00000000ebe00000,0x00000000ec900000)
 ParOldGen       total 119296K, used 80947K [0x00000000c0000000, 0x00000000c7480000, 0x00000000eab00000)
  object space 119296K, 67% used [0x00000000c0000000,0x00000000c4f0cd28,0x00000000c7480000)
 Metaspace       used 59365K, committed 60288K, reserved 1105920K
  class space    used 6241K, committed 6656K, reserved 1048576K
}
Event: 32.030 GC heap before
{Heap before GC invocations=55 (full 5):
 PSYoungGen      total 29696K, used 19418K [0x00000000eab00000, 0x00000000ed400000, 0x0000000100000000)
  eden space 19456K, 99% used [0x00000000eab00000,0x00000000ebdf6b50,0x00000000ebe00000)
  from space 10240K, 0% used [0x00000000eca00000,0x00000000eca00000,0x00000000ed400000)
  to   space 11264K, 0% used [0x00000000ebe00000,0x00000000ebe00000,0x00000000ec900000)
 ParOldGen       total 119296K, used 80947K [0x00000000c0000000, 0x00000000c7480000, 0x00000000eab00000)
  object space 119296K, 67% used [0x00000000c0000000,0x00000000c4f0cd28,0x00000000c7480000)
 Metaspace       used 59977K, committed 60928K, reserved 1105920K
  class space    used 6301K, committed 6720K, reserved 1048576K
}
Event: 32.035 GC heap after
{Heap after GC invocations=55 (full 5):
 PSYoungGen      total 24064K, used 4494K [0x00000000eab00000, 0x00000000ecc00000, 0x0000000100000000)
  eden space 19456K, 0% used [0x00000000eab00000,0x00000000eab00000,0x00000000ebe00000)
  from space 4608K, 97% used [0x00000000ebe00000,0x00000000ec263b80,0x00000000ec280000)
  to   space 7168K, 0% used [0x00000000ec500000,0x00000000ec500000,0x00000000ecc00000)
 ParOldGen       total 119296K, used 80955K [0x00000000c0000000, 0x00000000c7480000, 0x00000000eab00000)
  object space 119296K, 67% used [0x00000000c0000000,0x00000000c4f0ed28,0x00000000c7480000)
 Metaspace       used 59977K, committed 60928K, reserved 1105920K
  class space    used 6301K, committed 6720K, reserved 1048576K
}
Event: 32.578 GC heap before
{Heap before GC invocations=56 (full 5):
 PSYoungGen      total 24064K, used 23935K [0x00000000eab00000, 0x00000000ecc00000, 0x0000000100000000)
  eden space 19456K, 99% used [0x00000000eab00000,0x00000000ebdfc340,0x00000000ebe00000)
  from space 4608K, 97% used [0x00000000ebe00000,0x00000000ec263b80,0x00000000ec280000)
  to   space 7168K, 0% used [0x00000000ec500000,0x00000000ec500000,0x00000000ecc00000)
 ParOldGen       total 119296K, used 80955K [0x00000000c0000000, 0x00000000c7480000, 0x00000000eab00000)
  object space 119296K, 67% used [0x00000000c0000000,0x00000000c4f0ed28,0x00000000c7480000)
 Metaspace       used 60438K, committed 61504K, reserved 1105920K
  class space    used 6317K, committed 6784K, reserved 1048576K
}
Event: 32.583 GC heap after
{Heap after GC invocations=56 (full 5):
 PSYoungGen      total 25088K, used 5541K [0x00000000eab00000, 0x00000000eca80000, 0x0000000100000000)
  eden space 19456K, 0% used [0x00000000eab00000,0x00000000eab00000,0x00000000ebe00000)
  from space 5632K, 98% used [0x00000000ec500000,0x00000000eca697a8,0x00000000eca80000)
  to   space 6144K, 0% used [0x00000000ebe80000,0x00000000ebe80000,0x00000000ec480000)
 ParOldGen       total 119296K, used 80963K [0x00000000c0000000, 0x00000000c7480000, 0x00000000eab00000)
  object space 119296K, 67% used [0x00000000c0000000,0x00000000c4f10d28,0x00000000c7480000)
 Metaspace       used 60438K, committed 61504K, reserved 1105920K
  class space    used 6317K, committed 6784K, reserved 1048576K
}
Event: 33.248 GC heap before
{Heap before GC invocations=57 (full 5):
 PSYoungGen      total 25088K, used 24997K [0x00000000eab00000, 0x00000000eca80000, 0x0000000100000000)
  eden space 19456K, 100% used [0x00000000eab00000,0x00000000ebe00000,0x00000000ebe00000)
  from space 5632K, 98% used [0x00000000ec500000,0x00000000eca697a8,0x00000000eca80000)
  to   space 6144K, 0% used [0x00000000ebe80000,0x00000000ebe80000,0x00000000ec480000)
 ParOldGen       total 119296K, used 80963K [0x00000000c0000000, 0x00000000c7480000, 0x00000000eab00000)
  object space 119296K, 67% used [0x00000000c0000000,0x00000000c4f10d28,0x00000000c7480000)
 Metaspace       used 60681K, committed 61696K, reserved 1105920K
  class space    used 6320K, committed 6784K, reserved 1048576K
}
Event: 33.257 GC heap after
{Heap after GC invocations=57 (full 5):
 PSYoungGen      total 25600K, used 6125K [0x00000000eab00000, 0x00000000ed000000, 0x0000000100000000)
  eden space 19456K, 0% used [0x00000000eab00000,0x00000000eab00000,0x00000000ebe00000)
  from space 6144K, 99% used [0x00000000ebe80000,0x00000000ec47b420,0x00000000ec480000)
  to   space 9216K, 0% used [0x00000000ec700000,0x00000000ec700000,0x00000000ed000000)
 ParOldGen       total 119296K, used 83473K [0x00000000c0000000, 0x00000000c7480000, 0x00000000eab00000)
  object space 119296K, 69% used [0x00000000c0000000,0x00000000c5184498,0x00000000c7480000)
 Metaspace       used 60681K, committed 61696K, reserved 1105920K
  class space    used 6320K, committed 6784K, reserved 1048576K
}
Event: 42.130 GC heap before
{Heap before GC invocations=58 (full 5):
 PSYoungGen      total 25600K, used 25581K [0x00000000eab00000, 0x00000000ed000000, 0x0000000100000000)
  eden space 19456K, 100% used [0x00000000eab00000,0x00000000ebe00000,0x00000000ebe00000)
  from space 6144K, 99% used [0x00000000ebe80000,0x00000000ec47b420,0x00000000ec480000)
  to   space 9216K, 0% used [0x00000000ec700000,0x00000000ec700000,0x00000000ed000000)
 ParOldGen       total 119296K, used 83473K [0x00000000c0000000, 0x00000000c7480000, 0x00000000eab00000)
  object space 119296K, 69% used [0x00000000c0000000,0x00000000c5184498,0x00000000c7480000)
 Metaspace       used 62501K, committed 63424K, reserved 1105920K
  class space    used 6542K, committed 6976K, reserved 1048576K
}
Event: 42.134 GC heap after
{Heap after GC invocations=58 (full 5):
 PSYoungGen      total 23552K, used 4002K [0x00000000eab00000, 0x00000000ecb00000, 0x0000000100000000)
  eden space 19456K, 0% used [0x00000000eab00000,0x00000000eab00000,0x00000000ebe00000)
  from space 4096K, 97% used [0x00000000ec700000,0x00000000ecae8a50,0x00000000ecb00000)
  to   space 6144K, 0% used [0x00000000ebf00000,0x00000000ebf00000,0x00000000ec500000)
 ParOldGen       total 119296K, used 85820K [0x00000000c0000000, 0x00000000c7480000, 0x00000000eab00000)
  object space 119296K, 71% used [0x00000000c0000000,0x00000000c53cf3b8,0x00000000c7480000)
 Metaspace       used 62501K, committed 63424K, reserved 1105920K
  class space    used 6542K, committed 6976K, reserved 1048576K
}
Event: 45.209 GC heap before
{Heap before GC invocations=59 (full 5):
 PSYoungGen      total 23552K, used 23458K [0x00000000eab00000, 0x00000000ecb00000, 0x0000000100000000)
  eden space 19456K, 100% used [0x00000000eab00000,0x00000000ebe00000,0x00000000ebe00000)
  from space 4096K, 97% used [0x00000000ec700000,0x00000000ecae8a50,0x00000000ecb00000)
  to   space 6144K, 0% used [0x00000000ebf00000,0x00000000ebf00000,0x00000000ec500000)
 ParOldGen       total 119296K, used 85820K [0x00000000c0000000, 0x00000000c7480000, 0x00000000eab00000)
  object space 119296K, 71% used [0x00000000c0000000,0x00000000c53cf3b8,0x00000000c7480000)
 Metaspace       used 64820K, committed 65856K, reserved 1114112K
  class space    used 6901K, committed 7360K, reserved 1048576K
}
Event: 45.217 GC heap after
{Heap after GC invocations=59 (full 5):
 PSYoungGen      total 24064K, used 4493K [0x00000000eab00000, 0x00000000ec800000, 0x0000000100000000)
  eden space 19456K, 0% used [0x00000000eab00000,0x00000000eab00000,0x00000000ebe00000)
  from space 4608K, 97% used [0x00000000ebf00000,0x00000000ec363408,0x00000000ec380000)
  to   space 4608K, 0% used [0x00000000ec380000,0x00000000ec380000,0x00000000ec800000)
 ParOldGen       total 119296K, used 85828K [0x00000000c0000000, 0x00000000c7480000, 0x00000000eab00000)
  object space 119296K, 71% used [0x00000000c0000000,0x00000000c53d13b8,0x00000000c7480000)
 Metaspace       used 64820K, committed 65856K, reserved 1114112K
  class space    used 6901K, committed 7360K, reserved 1048576K
}
Event: 45.905 GC heap before
{Heap before GC invocations=60 (full 5):
 PSYoungGen      total 24064K, used 23949K [0x00000000eab00000, 0x00000000ec800000, 0x0000000100000000)
  eden space 19456K, 100% used [0x00000000eab00000,0x00000000ebe00000,0x00000000ebe00000)
  from space 4608K, 97% used [0x00000000ebf00000,0x00000000ec363408,0x00000000ec380000)
  to   space 4608K, 0% used [0x00000000ec380000,0x00000000ec380000,0x00000000ec800000)
 ParOldGen       total 119296K, used 85828K [0x00000000c0000000, 0x00000000c7480000, 0x00000000eab00000)
  object space 119296K, 71% used [0x00000000c0000000,0x00000000c53d13b8,0x00000000c7480000)
 Metaspace       used 65617K, committed 66688K, reserved 1114112K
  class space    used 7038K, committed 7488K, reserved 1048576K
}
Event: 45.911 GC heap after
{Heap after GC invocations=60 (full 5):
 PSYoungGen      total 23040K, used 4595K [0x00000000eab00000, 0x00000000ecb00000, 0x0000000100000000)
  eden space 18432K, 0% used [0x00000000eab00000,0x00000000eab00000,0x00000000ebd00000)
  from space 4608K, 99% used [0x00000000ec380000,0x00000000ec7fcee8,0x00000000ec800000)
  to   space 6656K, 0% used [0x00000000ebd00000,0x00000000ebd00000,0x00000000ec380000)
 ParOldGen       total 119296K, used 87245K [0x00000000c0000000, 0x00000000c7480000, 0x00000000eab00000)
  object space 119296K, 73% used [0x00000000c0000000,0x00000000c5533448,0x00000000c7480000)
 Metaspace       used 65617K, committed 66688K, reserved 1114112K
  class space    used 7038K, committed 7488K, reserved 1048576K
}

